{"/home/jonattfin/Projects/simplywallst-clone/src/_shared_/bar.tsx": {"path":"/home/jonattfin/Projects/simplywallst-clone/src/_shared_/bar.tsx","statementMap":{"0":{"start":{"line":29,"column":24},"end":{"line":29,"column":39}},"1":{"start":{"line":1,"column":56},"end":{"line":1,"column":null}},"2":{"start":{"line":2,"column":41},"end":{"line":2,"column":null}},"3":{"start":{"line":3,"column":37},"end":{"line":3,"column":null}},"4":{"start":{"line":30,"column":2},"end":{"line":33,"column":null}},"5":{"start":{"line":5,"column":13},"end":{"line":11,"column":1}},"6":{"start":{"line":17,"column":20},"end":{"line":27,"column":1}}},"fnMap":{"0":{"name":"BarComponent","decl":{"start":{"line":29,"column":24},"end":{"line":29,"column":36}},"loc":{"start":{"line":29,"column":39},"end":{"line":35,"column":null}}}},"branchMap":{},"s":{"0":1,"1":1,"2":1,"3":1,"4":4,"5":1,"6":1},"f":{"0":4},"b":{}}
,"/home/jonattfin/Projects/simplywallst-clone/src/_shared_/data-loader.tsx": {"path":"/home/jonattfin/Projects/simplywallst-clone/src/_shared_/data-loader.tsx","statementMap":{"0":{"start":{"line":18,"column":24},"end":{"line":18,"column":46}},"1":{"start":{"line":6,"column":23},"end":{"line":6,"column":null}},"2":{"start":{"line":7,"column":36},"end":{"line":7,"column":null}},"3":{"start":{"line":8,"column":48},"end":{"line":8,"column":null}},"4":{"start":{"line":9,"column":32},"end":{"line":9,"column":null}},"5":{"start":{"line":24,"column":35},"end":{"line":24,"column":65}},"6":{"start":{"line":26,"column":2},"end":{"line":29,"column":null}},"7":{"start":{"line":46,"column":2},"end":{"line":50,"column":null}},"8":{"start":{"line":47,"column":4},"end":{"line":50,"column":null}},"9":{"start":{"line":52,"column":2},"end":{"line":52,"column":79}},"10":{"start":{"line":52,"column":22},"end":{"line":52,"column":79}},"11":{"start":{"line":54,"column":2},"end":{"line":54,"column":41}},"12":{"start":{"line":57,"column":19},"end":{"line":61,"column":1}}},"fnMap":{"0":{"name":"WithLoadingSpinner","decl":{"start":{"line":18,"column":24},"end":{"line":18,"column":42}},"loc":{"start":{"line":23,"column":27},"end":{"line":31,"column":null}}},"1":{"name":"ComponentDataLoader","decl":{"start":{"line":40,"column":9},"end":{"line":40,"column":28}},"loc":{"start":{"line":45,"column":16},"end":{"line":55,"column":null}}}},"branchMap":{"0":{"loc":{"start":{"line":46,"column":2},"end":{"line":50,"column":null}},"type":"if","locations":[{"start":{"line":46,"column":2},"end":{"line":50,"column":null}}]},"1":{"loc":{"start":{"line":52,"column":2},"end":{"line":52,"column":79}},"type":"if","locations":[{"start":{"line":52,"column":2},"end":{"line":52,"column":79}}]},"2":{"loc":{"start":{"line":52,"column":6},"end":{"line":52,"column":20}},"type":"binary-expr","locations":[{"start":{"line":52,"column":6},"end":{"line":52,"column":11}},{"start":{"line":52,"column":15},"end":{"line":52,"column":20}}]}},"s":{"0":1,"1":1,"2":1,"3":1,"4":1,"5":14,"6":14,"7":14,"8":7,"9":7,"10":0,"11":7,"12":1},"f":{"0":14,"1":14},"b":{"0":[7],"1":[0],"2":[7,7]}}
,"/home/jonattfin/Projects/simplywallst-clone/src/_shared_/footer.tsx": {"path":"/home/jonattfin/Projects/simplywallst-clone/src/_shared_/footer.tsx","statementMap":{"0":{"start":{"line":4,"column":24},"end":{"line":4,"column":33}},"1":{"start":{"line":1,"column":50},"end":{"line":1,"column":null}},"2":{"start":{"line":2,"column":51},"end":{"line":2,"column":null}},"3":{"start":{"line":5,"column":2},"end":{"line":21,"column":null}}},"fnMap":{"0":{"name":"Footer","decl":{"start":{"line":4,"column":24},"end":{"line":4,"column":30}},"loc":{"start":{"line":4,"column":33},"end":{"line":23,"column":null}}}},"branchMap":{},"s":{"0":1,"1":1,"2":1,"3":0},"f":{"0":0},"b":{}}
,"/home/jonattfin/Projects/simplywallst-clone/src/_shared_/header.tsx": {"path":"/home/jonattfin/Projects/simplywallst-clone/src/_shared_/header.tsx","statementMap":{"0":{"start":{"line":1,"column":17},"end":{"line":1,"column":null}},"1":{"start":{"line":2,"column":41},"end":{"line":2,"column":null}},"2":{"start":{"line":3,"column":35},"end":{"line":3,"column":null}},"3":{"start":{"line":4,"column":43},"end":{"line":4,"column":null}},"4":{"start":{"line":5,"column":49},"end":{"line":5,"column":null}},"5":{"start":{"line":6,"column":49},"end":{"line":6,"column":null}},"6":{"start":{"line":7,"column":37},"end":{"line":7,"column":null}},"7":{"start":{"line":8,"column":47},"end":{"line":8,"column":null}},"8":{"start":{"line":9,"column":47},"end":{"line":9,"column":null}},"9":{"start":{"line":10,"column":41},"end":{"line":10,"column":null}},"10":{"start":{"line":11,"column":45},"end":{"line":11,"column":null}},"11":{"start":{"line":12,"column":45},"end":{"line":12,"column":null}},"12":{"start":{"line":13,"column":54},"end":{"line":13,"column":null}},"13":{"start":{"line":14,"column":36},"end":{"line":14,"column":null}},"14":{"start":{"line":15,"column":51},"end":{"line":15,"column":null}},"15":{"start":{"line":16,"column":61},"end":{"line":16,"column":null}},"16":{"start":{"line":18,"column":14},"end":{"line":25,"column":1}},"17":{"start":{"line":36,"column":25},"end":{"line":155,"column":1}},"18":{"start":{"line":44,"column":4},"end":{"line":44,"column":44}},"19":{"start":{"line":46,"column":4},"end":{"line":46,"column":44}},"20":{"start":{"line":48,"column":28},"end":{"line":50,"column":3}},"21":{"start":{"line":49,"column":4},"end":{"line":49,"column":40}},"22":{"start":{"line":51,"column":29},"end":{"line":53,"column":3}},"23":{"start":{"line":52,"column":4},"end":{"line":52,"column":41}},"24":{"start":{"line":55,"column":29},"end":{"line":57,"column":3}},"25":{"start":{"line":56,"column":4},"end":{"line":56,"column":25}},"26":{"start":{"line":59,"column":30},"end":{"line":61,"column":3}},"27":{"start":{"line":60,"column":4},"end":{"line":60,"column":26}},"28":{"start":{"line":63,"column":2},"end":{"line":153,"column":null}},"29":{"start":{"line":99,"column":18},"end":{"line":99,"column":39}},"30":{"start":{"line":108,"column":16},"end":{"line":109,"column":null}},"31":{"start":{"line":121,"column":18},"end":{"line":121,"column":73}},"32":{"start":{"line":156,"column":15},"end":{"line":156,"column":31}},"33":{"start":{"line":158,"column":15},"end":{"line":160,"column":1}},"34":{"start":{"line":162,"column":19},"end":{"line":164,"column":1}}},"fnMap":{"0":{"name":"(anonymous_4)","decl":{"start":{"line":36,"column":25},"end":{"line":36,"column":26}},"loc":{"start":{"line":42,"column":6},"end":{"line":155,"column":1}}},"1":{"name":"(anonymous_5)","decl":{"start":{"line":48,"column":28},"end":{"line":48,"column":29}},"loc":{"start":{"line":48,"column":70},"end":{"line":50,"column":3}}},"2":{"name":"(anonymous_6)","decl":{"start":{"line":51,"column":29},"end":{"line":51,"column":30}},"loc":{"start":{"line":51,"column":71},"end":{"line":53,"column":3}}},"3":{"name":"(anonymous_7)","decl":{"start":{"line":55,"column":29},"end":{"line":55,"column":35}},"loc":{"start":{"line":55,"column":35},"end":{"line":57,"column":3}}},"4":{"name":"(anonymous_8)","decl":{"start":{"line":59,"column":30},"end":{"line":59,"column":36}},"loc":{"start":{"line":59,"column":36},"end":{"line":61,"column":3}}},"5":{"name":"(anonymous_9)","decl":{"start":{"line":98,"column":27},"end":{"line":98,"column":28}},"loc":{"start":{"line":99,"column":18},"end":{"line":99,"column":39}}},"6":{"name":"(anonymous_10)","decl":{"start":{"line":107,"column":25},"end":{"line":107,"column":26}},"loc":{"start":{"line":108,"column":16},"end":{"line":109,"column":null}}},"7":{"name":"(anonymous_11)","decl":{"start":{"line":120,"column":26},"end":{"line":120,"column":32}},"loc":{"start":{"line":120,"column":32},"end":{"line":122,"column":null}}}},"branchMap":{"0":{"loc":{"start":{"line":121,"column":18},"end":{"line":121,"column":72}},"type":"cond-expr","locations":[{"start":{"line":121,"column":36},"end":{"line":121,"column":53}},{"start":{"line":121,"column":56},"end":{"line":121,"column":72}}]}},"s":{"0":1,"1":1,"2":1,"3":1,"4":1,"5":1,"6":1,"7":1,"8":1,"9":1,"10":1,"11":1,"12":1,"13":1,"14":1,"15":1,"16":1,"17":1,"18":0,"19":0,"20":0,"21":0,"22":0,"23":0,"24":0,"25":0,"26":0,"27":0,"28":0,"29":0,"30":0,"31":0,"32":1,"33":1,"34":1},"f":{"0":0,"1":0,"2":0,"3":0,"4":0,"5":0,"6":0,"7":0},"b":{"0":[0,0]}}
,"/home/jonattfin/Projects/simplywallst-clone/src/_shared_/index.tsx": {"path":"/home/jonattfin/Projects/simplywallst-clone/src/_shared_/index.tsx","statementMap":{"0":{"start":{"line":1,"column":9},"end":{"line":1,"column":20}},"1":{"start":{"line":2,"column":9},"end":{"line":2,"column":20}},"2":{"start":{"line":3,"column":9},"end":{"line":3,"column":20}},"3":{"start":{"line":4,"column":9},"end":{"line":4,"column":20}},"4":{"start":{"line":5,"column":9},"end":{"line":5,"column":20}},"5":{"start":{"line":6,"column":9},"end":{"line":6,"column":20}},"6":{"start":{"line":7,"column":9},"end":{"line":7,"column":20}},"7":{"start":{"line":9,"column":9},"end":{"line":9,"column":20}},"8":{"start":{"line":10,"column":9},"end":{"line":10,"column":20}},"9":{"start":{"line":1,"column":40},"end":{"line":1,"column":null}},"10":{"start":{"line":2,"column":41},"end":{"line":2,"column":null}},"11":{"start":{"line":3,"column":42},"end":{"line":3,"column":null}},"12":{"start":{"line":4,"column":46},"end":{"line":4,"column":null}},"13":{"start":{"line":5,"column":44},"end":{"line":5,"column":null}},"14":{"start":{"line":6,"column":40},"end":{"line":6,"column":null}},"15":{"start":{"line":7,"column":46},"end":{"line":7,"column":null}},"16":{"start":{"line":9,"column":43},"end":{"line":9,"column":null}},"17":{"start":{"line":10,"column":43},"end":{"line":10,"column":null}}},"fnMap":{},"branchMap":{},"s":{"0":4,"1":14,"2":10,"3":2,"4":4,"5":4,"6":14,"7":0,"8":0,"9":1,"10":1,"11":1,"12":1,"13":1,"14":1,"15":1,"16":1,"17":1},"f":{},"b":{}}
,"/home/jonattfin/Projects/simplywallst-clone/src/_shared_/line.tsx": {"path":"/home/jonattfin/Projects/simplywallst-clone/src/_shared_/line.tsx","statementMap":{"0":{"start":{"line":12,"column":24},"end":{"line":12,"column":38}},"1":{"start":{"line":1,"column":37},"end":{"line":1,"column":null}},"2":{"start":{"line":2,"column":46},"end":{"line":2,"column":null}},"3":{"start":{"line":3,"column":43},"end":{"line":3,"column":null}},"4":{"start":{"line":13,"column":20},"end":{"line":15,"column":3}},"5":{"start":{"line":17,"column":2},"end":{"line":63,"column":null}},"6":{"start":{"line":6,"column":25},"end":{"line":10,"column":1}}},"fnMap":{"0":{"name":"LineComponent","decl":{"start":{"line":12,"column":24},"end":{"line":12,"column":37}},"loc":{"start":{"line":12,"column":63},"end":{"line":65,"column":null}}}},"branchMap":{},"s":{"0":1,"1":1,"2":1,"3":1,"4":8,"5":8,"6":1},"f":{"0":8},"b":{}}
,"/home/jonattfin/Projects/simplywallst-clone/src/_shared_/pie.tsx": {"path":"/home/jonattfin/Projects/simplywallst-clone/src/_shared_/pie.tsx","statementMap":{"0":{"start":{"line":14,"column":24},"end":{"line":14,"column":39}},"1":{"start":{"line":1,"column":37},"end":{"line":1,"column":null}},"2":{"start":{"line":2,"column":67},"end":{"line":2,"column":null}},"3":{"start":{"line":3,"column":41},"end":{"line":3,"column":null}},"4":{"start":{"line":15,"column":2},"end":{"line":31,"column":null}},"5":{"start":{"line":5,"column":25},"end":{"line":12,"column":1}},"6":{"start":{"line":6,"column":76},"end":{"line":9,"column":4}}},"fnMap":{"0":{"name":"PieComponent","decl":{"start":{"line":14,"column":24},"end":{"line":14,"column":36}},"loc":{"start":{"line":14,"column":39},"end":{"line":33,"column":null}}},"1":{"name":"(anonymous_1)","decl":{"start":{"line":6,"column":54},"end":{"line":6,"column":55}},"loc":{"start":{"line":6,"column":76},"end":{"line":9,"column":4}}}},"branchMap":{},"s":{"0":1,"1":1,"2":1,"3":1,"4":4,"5":1,"6":2},"f":{"0":4,"1":2},"b":{}}
,"/home/jonattfin/Projects/simplywallst-clone/src/_shared_/radar.tsx": {"path":"/home/jonattfin/Projects/simplywallst-clone/src/_shared_/radar.tsx","statementMap":{"0":{"start":{"line":9,"column":24},"end":{"line":9,"column":39}},"1":{"start":{"line":1,"column":37},"end":{"line":1,"column":null}},"2":{"start":{"line":2,"column":45},"end":{"line":2,"column":null}},"3":{"start":{"line":10,"column":21},"end":{"line":13,"column":3}},"4":{"start":{"line":15,"column":2},"end":{"line":22,"column":null}},"5":{"start":{"line":4,"column":25},"end":{"line":7,"column":1}}},"fnMap":{"0":{"name":"RadarComponent","decl":{"start":{"line":9,"column":24},"end":{"line":9,"column":38}},"loc":{"start":{"line":9,"column":64},"end":{"line":24,"column":null}}}},"branchMap":{},"s":{"0":1,"1":1,"2":1,"3":10,"4":10,"5":1},"f":{"0":10},"b":{}}
,"/home/jonattfin/Projects/simplywallst-clone/src/_shared_/radialBar.tsx": {"path":"/home/jonattfin/Projects/simplywallst-clone/src/_shared_/radialBar.tsx","statementMap":{"0":{"start":{"line":4,"column":24},"end":{"line":4,"column":43}},"1":{"start":{"line":1,"column":37},"end":{"line":1,"column":null}},"2":{"start":{"line":2,"column":54},"end":{"line":2,"column":null}},"3":{"start":{"line":5,"column":2},"end":{"line":8,"column":null}}},"fnMap":{"0":{"name":"RadialBarComponent","decl":{"start":{"line":4,"column":24},"end":{"line":4,"column":42}},"loc":{"start":{"line":4,"column":68},"end":{"line":10,"column":null}}}},"branchMap":{},"s":{"0":1,"1":1,"2":1,"3":2},"f":{"0":2},"b":{}}
,"/home/jonattfin/Projects/simplywallst-clone/src/_shared_/treemap.tsx": {"path":"/home/jonattfin/Projects/simplywallst-clone/src/_shared_/treemap.tsx","statementMap":{"0":{"start":{"line":5,"column":24},"end":{"line":5,"column":43}},"1":{"start":{"line":1,"column":37},"end":{"line":1,"column":null}},"2":{"start":{"line":2,"column":50},"end":{"line":2,"column":null}},"3":{"start":{"line":3,"column":49},"end":{"line":3,"column":null}},"4":{"start":{"line":6,"column":2},"end":{"line":23,"column":null}},"5":{"start":{"line":11,"column":10},"end":{"line":13,"column":19}},"6":{"start":{"line":28,"column":2},"end":{"line":34,"column":4}}},"fnMap":{"0":{"name":"TreemapComponent","decl":{"start":{"line":5,"column":24},"end":{"line":5,"column":40}},"loc":{"start":{"line":5,"column":43},"end":{"line":25,"column":null}}},"1":{"name":"(anonymous_1)","decl":{"start":{"line":10,"column":17},"end":{"line":10,"column":18}},"loc":{"start":{"line":11,"column":10},"end":{"line":13,"column":19}}},"2":{"name":"getCommonProperties","decl":{"start":{"line":27,"column":9},"end":{"line":27,"column":28}},"loc":{"start":{"line":27,"column":31},"end":{"line":35,"column":null}}}},"branchMap":{},"s":{"0":1,"1":1,"2":1,"3":1,"4":4,"5":0,"6":4},"f":{"0":4,"1":0,"2":4},"b":{}}
,"/home/jonattfin/Projects/simplywallst-clone/src/api/dashboardDataType.ts": {"path":"/home/jonattfin/Projects/simplywallst-clone/src/api/dashboardDataType.ts","statementMap":{"0":{"start":{"line":1,"column":22},"end":{"line":1,"column":null}},"1":{"start":{"line":14,"column":24},"end":{"line":14,"column":40}},"2":{"start":{"line":15,"column":4},"end":{"line":15,"column":52}},"3":{"start":{"line":19,"column":4},"end":{"line":19,"column":38}},"4":{"start":{"line":10,"column":13},"end":{"line":10,"column":null}},"5":{"start":{"line":24,"column":2},"end":{"line":57,"column":4}},"6":{"start":{"line":67,"column":2},"end":{"line":72,"column":4}},"7":{"start":{"line":76,"column":2},"end":{"line":78,"column":null}},"8":{"start":{"line":77,"column":4},"end":{"line":77,"column":31}},"9":{"start":{"line":80,"column":2},"end":{"line":82,"column":null}},"10":{"start":{"line":81,"column":4},"end":{"line":81,"column":34}},"11":{"start":{"line":84,"column":2},"end":{"line":89,"column":5}},"12":{"start":{"line":85,"column":4},"end":{"line":88,"column":6}},"13":{"start":{"line":93,"column":16},"end":{"line":95,"column":26}},"14":{"start":{"line":94,"column":19},"end":{"line":94,"column":30}},"15":{"start":{"line":95,"column":20},"end":{"line":95,"column":25}},"16":{"start":{"line":97,"column":17},"end":{"line":97,"column":31}},"17":{"start":{"line":98,"column":15},"end":{"line":98,"column":32}},"18":{"start":{"line":100,"column":22},"end":{"line":100,"column":45}},"19":{"start":{"line":102,"column":20},"end":{"line":102,"column":22}},"20":{"start":{"line":104,"column":2},"end":{"line":116,"column":5}},"21":{"start":{"line":105,"column":4},"end":{"line":115,"column":7}},"22":{"start":{"line":106,"column":6},"end":{"line":114,"column":9}},"23":{"start":{"line":107,"column":20},"end":{"line":112,"column":9}},"24":{"start":{"line":113,"column":8},"end":{"line":113,"column":23}},"25":{"start":{"line":118,"column":2},"end":{"line":118,"column":14}},"26":{"start":{"line":122,"column":2},"end":{"line":124,"column":null}},"27":{"start":{"line":123,"column":4},"end":{"line":123,"column":28}},"28":{"start":{"line":126,"column":18},"end":{"line":126,"column":26}},"29":{"start":{"line":127,"column":17},"end":{"line":127,"column":66}},"30":{"start":{"line":129,"column":15},"end":{"line":136,"column":4}},"31":{"start":{"line":130,"column":39},"end":{"line":130,"column":48}},"32":{"start":{"line":131,"column":4},"end":{"line":133,"column":7}},"33":{"start":{"line":132,"column":6},"end":{"line":132,"column":38}},"34":{"start":{"line":135,"column":4},"end":{"line":135,"column":13}},"35":{"start":{"line":138,"column":2},"end":{"line":138,"column":33}},"36":{"start":{"line":142,"column":2},"end":{"line":170,"column":4}}},"fnMap":{"0":{"name":"(anonymous_1)","decl":{"start":{"line":13,"column":2},"end":{"line":13,"column":16}},"loc":{"start":{"line":13,"column":16},"end":{"line":16,"column":null}}},"1":{"name":"(anonymous_2)","decl":{"start":{"line":18,"column":2},"end":{"line":18,"column":18}},"loc":{"start":{"line":18,"column":36},"end":{"line":20,"column":null}}},"2":{"name":"getCompany","decl":{"start":{"line":23,"column":9},"end":{"line":23,"column":19}},"loc":{"start":{"line":23,"column":74},"end":{"line":58,"column":null}}},"3":{"name":"getCompetitors","decl":{"start":{"line":66,"column":9},"end":{"line":66,"column":23}},"loc":{"start":{"line":66,"column":26},"end":{"line":73,"column":null}}},"4":{"name":"generateHistory","decl":{"start":{"line":75,"column":9},"end":{"line":75,"column":24}},"loc":{"start":{"line":75,"column":68},"end":{"line":90,"column":null}}},"5":{"name":"(anonymous_6)","decl":{"start":{"line":84,"column":48},"end":{"line":84,"column":49}},"loc":{"start":{"line":84,"column":58},"end":{"line":89,"column":4}}},"6":{"name":"getData","decl":{"start":{"line":92,"column":9},"end":{"line":92,"column":16}},"loc":{"start":{"line":92,"column":44},"end":{"line":119,"column":null}}},"7":{"name":"(anonymous_8)","decl":{"start":{"line":94,"column":9},"end":{"line":94,"column":10}},"loc":{"start":{"line":94,"column":19},"end":{"line":94,"column":30}}},"8":{"name":"(anonymous_9)","decl":{"start":{"line":95,"column":10},"end":{"line":95,"column":11}},"loc":{"start":{"line":95,"column":20},"end":{"line":95,"column":25}}},"9":{"name":"(anonymous_10)","decl":{"start":{"line":104,"column":16},"end":{"line":104,"column":17}},"loc":{"start":{"line":104,"column":26},"end":{"line":116,"column":4}}},"10":{"name":"(anonymous_11)","decl":{"start":{"line":105,"column":19},"end":{"line":105,"column":20}},"loc":{"start":{"line":105,"column":30},"end":{"line":115,"column":6}}},"11":{"name":"(anonymous_12)","decl":{"start":{"line":106,"column":19},"end":{"line":106,"column":20}},"loc":{"start":{"line":106,"column":28},"end":{"line":114,"column":8}}},"12":{"name":"generateSnowflakeValue","decl":{"start":{"line":121,"column":9},"end":{"line":121,"column":31}},"loc":{"start":{"line":121,"column":60},"end":{"line":139,"column":null}}},"13":{"name":"(anonymous_14)","decl":{"start":{"line":129,"column":26},"end":{"line":129,"column":27}},"loc":{"start":{"line":129,"column":37},"end":{"line":136,"column":4}}},"14":{"name":"(anonymous_15)","decl":{"start":{"line":131,"column":20},"end":{"line":131,"column":21}},"loc":{"start":{"line":131,"column":37},"end":{"line":133,"column":6}}},"15":{"name":"generateRadialBarData","decl":{"start":{"line":141,"column":9},"end":{"line":141,"column":30}},"loc":{"start":{"line":141,"column":33},"end":{"line":171,"column":null}}}},"branchMap":{"0":{"loc":{"start":{"line":23,"column":36},"end":{"line":23,"column":63}},"type":"default-arg","locations":[{"start":{"line":23,"column":61},"end":{"line":23,"column":63}}]},"1":{"loc":{"start":{"line":76,"column":2},"end":{"line":78,"column":null}},"type":"if","locations":[{"start":{"line":76,"column":2},"end":{"line":78,"column":null}}]},"2":{"loc":{"start":{"line":80,"column":2},"end":{"line":82,"column":null}},"type":"if","locations":[{"start":{"line":80,"column":2},"end":{"line":82,"column":null}}]},"3":{"loc":{"start":{"line":122,"column":2},"end":{"line":124,"column":null}},"type":"if","locations":[{"start":{"line":122,"column":2},"end":{"line":124,"column":null}}]}},"s":{"0":1,"1":1,"2":1,"3":14,"4":1,"5":5,"6":1,"7":5,"8":5,"9":5,"10":5,"11":5,"12":5,"13":5,"14":5,"15":0,"16":5,"17":5,"18":5,"19":5,"20":5,"21":5,"22":55,"23":330,"24":330,"25":5,"26":5,"27":0,"28":5,"29":5,"30":5,"31":25,"32":25,"33":25,"34":25,"35":5,"36":5},"f":{"0":1,"1":14,"2":5,"3":1,"4":5,"5":5,"6":5,"7":5,"8":0,"9":5,"10":55,"11":330,"12":5,"13":25,"14":25,"15":5},"b":{"0":[4],"1":[5],"2":[5],"3":[0]}}
,"/home/jonattfin/Projects/simplywallst-clone/src/api/dataTypeFactory.ts": {"path":"/home/jonattfin/Projects/simplywallst-clone/src/api/dataTypeFactory.ts","statementMap":{"0":{"start":{"line":1,"column":60},"end":{"line":1,"column":null}},"1":{"start":{"line":8,"column":4},"end":{"line":8,"column":59}},"2":{"start":{"line":12,"column":4},"end":{"line":12,"column":35}},"3":{"start":{"line":4,"column":13},"end":{"line":4,"column":null}},"4":{"start":{"line":17,"column":31},"end":{"line":17,"column":52}},"5":{"start":{"line":17,"column":13},"end":{"line":17,"column":31}}},"fnMap":{"0":{"name":"(anonymous_0)","decl":{"start":{"line":7,"column":2},"end":{"line":7,"column":16}},"loc":{"start":{"line":7,"column":16},"end":{"line":9,"column":null}}},"1":{"name":"(anonymous_1)","decl":{"start":{"line":11,"column":2},"end":{"line":11,"column":22}},"loc":{"start":{"line":11,"column":44},"end":{"line":13,"column":null}}}},"branchMap":{},"s":{"0":1,"1":1,"2":1,"3":1,"4":1,"5":1},"f":{"0":1,"1":1},"b":{}}
,"/home/jonattfin/Projects/simplywallst-clone/src/pages/dashboard/components/company.tsx": {"path":"/home/jonattfin/Projects/simplywallst-clone/src/pages/dashboard/components/company.tsx","statementMap":{"0":{"start":{"line":4,"column":16},"end":{"line":4,"column":33}},"1":{"start":{"line":1,"column":45},"end":{"line":1,"column":null}},"2":{"start":{"line":2,"column":32},"end":{"line":2,"column":null}},"3":{"start":{"line":5,"column":2},"end":{"line":37,"column":null}}},"fnMap":{"0":{"name":"CompanyComponent","decl":{"start":{"line":4,"column":16},"end":{"line":4,"column":32}},"loc":{"start":{"line":4,"column":75},"end":{"line":39,"column":null}}}},"branchMap":{},"s":{"0":1,"1":1,"2":1,"3":1},"f":{"0":1},"b":{}}
,"/home/jonattfin/Projects/simplywallst-clone/src/pages/dashboard/components/competitors.tsx": {"path":"/home/jonattfin/Projects/simplywallst-clone/src/pages/dashboard/components/competitors.tsx","statementMap":{"0":{"start":{"line":25,"column":16},"end":{"line":25,"column":39}},"1":{"start":{"line":32,"column":16},"end":{"line":32,"column":37}},"2":{"start":{"line":1,"column":36},"end":{"line":1,"column":null}},"3":{"start":{"line":2,"column":36},"end":{"line":2,"column":null}},"4":{"start":{"line":3,"column":32},"end":{"line":3,"column":null}},"5":{"start":{"line":4,"column":29},"end":{"line":4,"column":null}},"6":{"start":{"line":5,"column":36},"end":{"line":5,"column":null}},"7":{"start":{"line":8,"column":70},"end":{"line":8,"column":null}},"8":{"start":{"line":10,"column":37},"end":{"line":23,"column":1}},"9":{"start":{"line":10,"column":13},"end":{"line":10,"column":37}},"10":{"start":{"line":26,"column":2},"end":{"line":29,"column":5}},"11":{"start":{"line":33,"column":22},"end":{"line":33,"column":26}},"12":{"start":{"line":34,"column":31},"end":{"line":34,"column":38}},"13":{"start":{"line":36,"column":2},"end":{"line":59,"column":null}},"14":{"start":{"line":46,"column":10},"end":{"line":46,"column":null}},"15":{"start":{"line":65,"column":21},"end":{"line":70,"column":1}},"16":{"start":{"line":72,"column":23},"end":{"line":75,"column":1}},"17":{"start":{"line":77,"column":29},"end":{"line":80,"column":1}}},"fnMap":{"0":{"name":"CompetitorsContainer","decl":{"start":{"line":25,"column":16},"end":{"line":25,"column":36}},"loc":{"start":{"line":25,"column":39},"end":{"line":30,"column":null}}},"1":{"name":"CompetitorsComponent","decl":{"start":{"line":32,"column":16},"end":{"line":32,"column":36}},"loc":{"start":{"line":32,"column":72},"end":{"line":61,"column":null}}},"2":{"name":"(anonymous_3)","decl":{"start":{"line":45,"column":25},"end":{"line":45,"column":26}},"loc":{"start":{"line":46,"column":10},"end":{"line":46,"column":null}}}},"branchMap":{"0":{"loc":{"start":{"line":34,"column":10},"end":{"line":34,"column":26}},"type":"default-arg","locations":[{"start":{"line":34,"column":24},"end":{"line":34,"column":26}}]}},"s":{"0":1,"1":1,"2":1,"3":1,"4":1,"5":1,"6":1,"7":1,"8":1,"9":1,"10":2,"11":2,"12":2,"13":2,"14":8,"15":1,"16":1,"17":1},"f":{"0":2,"1":2,"2":8},"b":{"0":[0]}}
,"/home/jonattfin/Projects/simplywallst-clone/src/pages/dashboard/components/dividend.tsx": {"path":"/home/jonattfin/Projects/simplywallst-clone/src/pages/dashboard/components/dividend.tsx","statementMap":{"0":{"start":{"line":26,"column":16},"end":{"line":26,"column":34}},"1":{"start":{"line":34,"column":16},"end":{"line":34,"column":34}},"2":{"start":{"line":1,"column":36},"end":{"line":1,"column":null}},"3":{"start":{"line":2,"column":46},"end":{"line":2,"column":null}},"4":{"start":{"line":3,"column":55},"end":{"line":3,"column":null}},"5":{"start":{"line":4,"column":36},"end":{"line":4,"column":null}},"6":{"start":{"line":11,"column":26},"end":{"line":11,"column":null}},"7":{"start":{"line":13,"column":29},"end":{"line":13,"column":null}},"8":{"start":{"line":15,"column":35},"end":{"line":24,"column":1}},"9":{"start":{"line":15,"column":13},"end":{"line":15,"column":35}},"10":{"start":{"line":27,"column":2},"end":{"line":31,"column":5}},"11":{"start":{"line":41,"column":22},"end":{"line":41,"column":26}},"12":{"start":{"line":42,"column":16},"end":{"line":42,"column":20}},"13":{"start":{"line":44,"column":2},"end":{"line":120,"column":null}},"14":{"start":{"line":124,"column":22},"end":{"line":126,"column":1}},"15":{"start":{"line":128,"column":21},"end":{"line":131,"column":1}},"16":{"start":{"line":133,"column":21},"end":{"line":136,"column":1}},"17":{"start":{"line":138,"column":23},"end":{"line":141,"column":1}},"18":{"start":{"line":143,"column":19},"end":{"line":149,"column":1}}},"fnMap":{"0":{"name":"DividendContainer","decl":{"start":{"line":26,"column":16},"end":{"line":26,"column":33}},"loc":{"start":{"line":26,"column":76},"end":{"line":32,"column":null}}},"1":{"name":"DividendComponent","decl":{"start":{"line":34,"column":16},"end":{"line":34,"column":33}},"loc":{"start":{"line":40,"column":3},"end":{"line":122,"column":null}}}},"branchMap":{"0":{"loc":{"start":{"line":70,"column":13},"end":{"line":71,"column":73}},"type":"binary-expr","locations":[{"start":{"line":70,"column":13},"end":{"line":70,"column":18}},{"start":{"line":71,"column":14},"end":{"line":71,"column":73}}]}},"s":{"0":1,"1":1,"2":1,"3":1,"4":1,"5":1,"6":1,"7":1,"8":1,"9":1,"10":2,"11":2,"12":2,"13":2,"14":1,"15":1,"16":1,"17":1,"18":1},"f":{"0":2,"1":2},"b":{"0":[2,2]}}
,"/home/jonattfin/Projects/simplywallst-clone/src/pages/dashboard/components/financial-health.tsx": {"path":"/home/jonattfin/Projects/simplywallst-clone/src/pages/dashboard/components/financial-health.tsx","statementMap":{"0":{"start":{"line":26,"column":16},"end":{"line":26,"column":41}},"1":{"start":{"line":38,"column":16},"end":{"line":38,"column":41}},"2":{"start":{"line":1,"column":36},"end":{"line":1,"column":null}},"3":{"start":{"line":2,"column":32},"end":{"line":2,"column":null}},"4":{"start":{"line":3,"column":53},"end":{"line":3,"column":null}},"5":{"start":{"line":4,"column":54},"end":{"line":4,"column":null}},"6":{"start":{"line":5,"column":36},"end":{"line":5,"column":null}},"7":{"start":{"line":11,"column":26},"end":{"line":11,"column":null}},"8":{"start":{"line":12,"column":29},"end":{"line":12,"column":null}},"9":{"start":{"line":15,"column":42},"end":{"line":24,"column":1}},"10":{"start":{"line":15,"column":13},"end":{"line":15,"column":42}},"11":{"start":{"line":31,"column":2},"end":{"line":35,"column":5}},"12":{"start":{"line":45,"column":22},"end":{"line":45,"column":26}},"13":{"start":{"line":46,"column":16},"end":{"line":46,"column":20}},"14":{"start":{"line":48,"column":2},"end":{"line":95,"column":null}},"15":{"start":{"line":99,"column":22},"end":{"line":101,"column":1}},"16":{"start":{"line":103,"column":25},"end":{"line":108,"column":1}}},"fnMap":{"0":{"name":"FinancialHealthContainer","decl":{"start":{"line":26,"column":16},"end":{"line":26,"column":40}},"loc":{"start":{"line":30,"column":3},"end":{"line":36,"column":null}}},"1":{"name":"FinancialHealthComponent","decl":{"start":{"line":38,"column":16},"end":{"line":38,"column":40}},"loc":{"start":{"line":44,"column":3},"end":{"line":97,"column":null}}}},"branchMap":{"0":{"loc":{"start":{"line":59,"column":9},"end":{"line":59,"column":null}},"type":"binary-expr","locations":[{"start":{"line":59,"column":9},"end":{"line":59,"column":14}},{"start":{"line":59,"column":18},"end":{"line":59,"column":null}}]}},"s":{"0":1,"1":1,"2":1,"3":1,"4":1,"5":1,"6":1,"7":1,"8":1,"9":1,"10":1,"11":2,"12":2,"13":2,"14":2,"15":1,"16":1},"f":{"0":2,"1":2},"b":{"0":[2,2]}}
,"/home/jonattfin/Projects/simplywallst-clone/src/pages/dashboard/components/fundamentals.tsx": {"path":"/home/jonattfin/Projects/simplywallst-clone/src/pages/dashboard/components/fundamentals.tsx","statementMap":{"0":{"start":{"line":23,"column":16},"end":{"line":23,"column":38}},"1":{"start":{"line":35,"column":16},"end":{"line":35,"column":38}},"2":{"start":{"line":1,"column":36},"end":{"line":1,"column":null}},"3":{"start":{"line":2,"column":36},"end":{"line":2,"column":null}},"4":{"start":{"line":3,"column":54},"end":{"line":3,"column":null}},"5":{"start":{"line":4,"column":32},"end":{"line":4,"column":null}},"6":{"start":{"line":12,"column":26},"end":{"line":12,"column":null}},"7":{"start":{"line":14,"column":38},"end":{"line":21,"column":1}},"8":{"start":{"line":14,"column":13},"end":{"line":14,"column":38}},"9":{"start":{"line":28,"column":2},"end":{"line":32,"column":5}},"10":{"start":{"line":42,"column":22},"end":{"line":42,"column":26}},"11":{"start":{"line":44,"column":2},"end":{"line":169,"column":null}},"12":{"start":{"line":173,"column":23},"end":{"line":175,"column":1}},"13":{"start":{"line":177,"column":25},"end":{"line":180,"column":1}},"14":{"start":{"line":182,"column":27},"end":{"line":185,"column":1}},"15":{"start":{"line":187,"column":25},"end":{"line":193,"column":1}},"16":{"start":{"line":195,"column":19},"end":{"line":201,"column":1}},"17":{"start":{"line":203,"column":21},"end":{"line":206,"column":1}}},"fnMap":{"0":{"name":"FundamentalsContainer","decl":{"start":{"line":23,"column":16},"end":{"line":23,"column":37}},"loc":{"start":{"line":27,"column":3},"end":{"line":33,"column":null}}},"1":{"name":"FundamentalsComponent","decl":{"start":{"line":35,"column":16},"end":{"line":35,"column":37}},"loc":{"start":{"line":41,"column":3},"end":{"line":171,"column":null}}}},"branchMap":{},"s":{"0":1,"1":1,"2":1,"3":1,"4":1,"5":1,"6":1,"7":1,"8":1,"9":2,"10":2,"11":2,"12":1,"13":1,"14":1,"15":1,"16":1,"17":1},"f":{"0":2,"1":2},"b":{}}
,"/home/jonattfin/Projects/simplywallst-clone/src/pages/dashboard/components/header.tsx": {"path":"/home/jonattfin/Projects/simplywallst-clone/src/pages/dashboard/components/header.tsx","statementMap":{"0":{"start":{"line":29,"column":16},"end":{"line":29,"column":34}},"1":{"start":{"line":36,"column":16},"end":{"line":36,"column":32}},"2":{"start":{"line":1,"column":64},"end":{"line":1,"column":null}},"3":{"start":{"line":2,"column":36},"end":{"line":2,"column":null}},"4":{"start":{"line":3,"column":32},"end":{"line":3,"column":null}},"5":{"start":{"line":4,"column":47},"end":{"line":4,"column":null}},"6":{"start":{"line":5,"column":36},"end":{"line":5,"column":null}},"7":{"start":{"line":6,"column":29},"end":{"line":6,"column":null}},"8":{"start":{"line":8,"column":69},"end":{"line":8,"column":null}},"9":{"start":{"line":11,"column":32},"end":{"line":27,"column":1}},"10":{"start":{"line":11,"column":13},"end":{"line":11,"column":32}},"11":{"start":{"line":30,"column":2},"end":{"line":33,"column":5}},"12":{"start":{"line":37,"column":22},"end":{"line":37,"column":26}},"13":{"start":{"line":38,"column":16},"end":{"line":38,"column":20}},"14":{"start":{"line":40,"column":2},"end":{"line":42,"column":null}},"15":{"start":{"line":41,"column":4},"end":{"line":41,"column":29}},"16":{"start":{"line":44,"column":2},"end":{"line":125,"column":null}},"17":{"start":{"line":131,"column":18},"end":{"line":136,"column":1}},"18":{"start":{"line":138,"column":22},"end":{"line":141,"column":1}}},"fnMap":{"0":{"name":"HeaderContainer","decl":{"start":{"line":29,"column":16},"end":{"line":29,"column":31}},"loc":{"start":{"line":29,"column":34},"end":{"line":34,"column":null}}},"1":{"name":"HeaderComponent","decl":{"start":{"line":36,"column":16},"end":{"line":36,"column":31}},"loc":{"start":{"line":36,"column":67},"end":{"line":127,"column":null}}}},"branchMap":{"0":{"loc":{"start":{"line":40,"column":2},"end":{"line":42,"column":null}},"type":"if","locations":[{"start":{"line":40,"column":2},"end":{"line":42,"column":null}}]}},"s":{"0":1,"1":1,"2":1,"3":1,"4":1,"5":1,"6":1,"7":1,"8":1,"9":1,"10":1,"11":0,"12":0,"13":0,"14":0,"15":0,"16":0,"17":1,"18":1},"f":{"0":0,"1":0},"b":{"0":[0]}}
,"/home/jonattfin/Projects/simplywallst-clone/src/pages/dashboard/components/history.tsx": {"path":"/home/jonattfin/Projects/simplywallst-clone/src/pages/dashboard/components/history.tsx","statementMap":{"0":{"start":{"line":36,"column":16},"end":{"line":36,"column":33}},"1":{"start":{"line":44,"column":16},"end":{"line":44,"column":33}},"2":{"start":{"line":1,"column":42},"end":{"line":1,"column":null}},"3":{"start":{"line":2,"column":37},"end":{"line":2,"column":null}},"4":{"start":{"line":3,"column":35},"end":{"line":3,"column":null}},"5":{"start":{"line":4,"column":35},"end":{"line":4,"column":null}},"6":{"start":{"line":5,"column":36},"end":{"line":5,"column":null}},"7":{"start":{"line":14,"column":22},"end":{"line":14,"column":null}},"8":{"start":{"line":15,"column":53},"end":{"line":15,"column":null}},"9":{"start":{"line":16,"column":36},"end":{"line":16,"column":null}},"10":{"start":{"line":18,"column":69},"end":{"line":18,"column":null}},"11":{"start":{"line":20,"column":29},"end":{"line":20,"column":null}},"12":{"start":{"line":22,"column":30},"end":{"line":34,"column":1}},"13":{"start":{"line":22,"column":13},"end":{"line":22,"column":30}},"14":{"start":{"line":37,"column":2},"end":{"line":41,"column":5}},"15":{"start":{"line":51,"column":28},"end":{"line":51,"column":36}},"16":{"start":{"line":53,"column":23},"end":{"line":55,"column":3}},"17":{"start":{"line":54,"column":4},"end":{"line":54,"column":23}},"18":{"start":{"line":57,"column":22},"end":{"line":57,"column":26}},"19":{"start":{"line":58,"column":14},"end":{"line":58,"column":18}},"20":{"start":{"line":60,"column":2},"end":{"line":116,"column":null}},"21":{"start":{"line":67,"column":14},"end":{"line":67,"column":40}},"22":{"start":{"line":75,"column":16},"end":{"line":75,"column":52}},"23":{"start":{"line":107,"column":12},"end":{"line":107,"column":44}},"24":{"start":{"line":120,"column":18},"end":{"line":120,"column":42}},"25":{"start":{"line":129,"column":37},"end":{"line":129,"column":42}},"26":{"start":{"line":131,"column":2},"end":{"line":131,"column":64}},"27":{"start":{"line":136,"column":19},"end":{"line":138,"column":1}},"28":{"start":{"line":140,"column":27},"end":{"line":142,"column":1}},"29":{"start":{"line":144,"column":22},"end":{"line":146,"column":1}}},"fnMap":{"0":{"name":"HistoryContainer","decl":{"start":{"line":36,"column":16},"end":{"line":36,"column":32}},"loc":{"start":{"line":36,"column":75},"end":{"line":42,"column":null}}},"1":{"name":"HistoryComponent","decl":{"start":{"line":44,"column":16},"end":{"line":44,"column":32}},"loc":{"start":{"line":50,"column":3},"end":{"line":118,"column":null}}},"2":{"name":"(anonymous_3)","decl":{"start":{"line":53,"column":23},"end":{"line":53,"column":24}},"loc":{"start":{"line":53,"column":75},"end":{"line":55,"column":3}}},"3":{"name":"(anonymous_4)","decl":{"start":{"line":66,"column":27},"end":{"line":66,"column":28}},"loc":{"start":{"line":67,"column":14},"end":{"line":67,"column":40}}},"4":{"name":"(anonymous_5)","decl":{"start":{"line":74,"column":29},"end":{"line":74,"column":30}},"loc":{"start":{"line":75,"column":16},"end":{"line":75,"column":52}}},"5":{"name":"(anonymous_6)","decl":{"start":{"line":106,"column":28},"end":{"line":106,"column":29}},"loc":{"start":{"line":107,"column":12},"end":{"line":107,"column":44}}},"6":{"name":"TabPanel","decl":{"start":{"line":128,"column":9},"end":{"line":128,"column":17}},"loc":{"start":{"line":128,"column":40},"end":{"line":132,"column":null}}}},"branchMap":{"0":{"loc":{"start":{"line":77,"column":21},"end":{"line":80,"column":24}},"type":"binary-expr","locations":[{"start":{"line":77,"column":21},"end":{"line":77,"column":26}},{"start":{"line":78,"column":22},"end":{"line":80,"column":24}}]},"1":{"loc":{"start":{"line":131,"column":9},"end":{"line":131,"column":63}},"type":"cond-expr","locations":[{"start":{"line":131,"column":27},"end":{"line":131,"column":51}},{"start":{"line":131,"column":51},"end":{"line":131,"column":63}}]}},"s":{"0":1,"1":1,"2":1,"3":1,"4":1,"5":1,"6":1,"7":1,"8":1,"9":1,"10":1,"11":1,"12":1,"13":1,"14":2,"15":2,"16":2,"17":0,"18":2,"19":2,"20":2,"21":8,"22":8,"23":2,"24":1,"25":8,"26":8,"27":1,"28":1,"29":1},"f":{"0":2,"1":2,"2":0,"3":8,"4":8,"5":2,"6":8},"b":{"0":[8,8],"1":[2,6]}}
,"/home/jonattfin/Projects/simplywallst-clone/src/pages/dashboard/components/index.tsx": {"path":"/home/jonattfin/Projects/simplywallst-clone/src/pages/dashboard/components/index.tsx","statementMap":{"0":{"start":{"line":1,"column":18},"end":{"line":1,"column":null}},"1":{"start":{"line":2,"column":16},"end":{"line":2,"column":null}},"2":{"start":{"line":3,"column":20},"end":{"line":3,"column":null}},"3":{"start":{"line":4,"column":23},"end":{"line":4,"column":null}},"4":{"start":{"line":5,"column":19},"end":{"line":5,"column":null}},"5":{"start":{"line":6,"column":19},"end":{"line":6,"column":null}},"6":{"start":{"line":7,"column":24},"end":{"line":7,"column":null}},"7":{"start":{"line":8,"column":21},"end":{"line":8,"column":null}},"8":{"start":{"line":9,"column":27},"end":{"line":9,"column":null}},"9":{"start":{"line":10,"column":20},"end":{"line":10,"column":null}},"10":{"start":{"line":1,"column":12},"end":{"line":1,"column":24}},"11":{"start":{"line":2,"column":12},"end":{"line":2,"column":22}},"12":{"start":{"line":3,"column":12},"end":{"line":3,"column":26}},"13":{"start":{"line":4,"column":12},"end":{"line":4,"column":29}},"14":{"start":{"line":5,"column":12},"end":{"line":5,"column":25}},"15":{"start":{"line":6,"column":12},"end":{"line":6,"column":25}},"16":{"start":{"line":7,"column":12},"end":{"line":7,"column":30}},"17":{"start":{"line":8,"column":12},"end":{"line":8,"column":27}},"18":{"start":{"line":9,"column":12},"end":{"line":9,"column":33}},"19":{"start":{"line":10,"column":12},"end":{"line":10,"column":26}}},"fnMap":{},"branchMap":{},"s":{"0":1,"1":1,"2":1,"3":1,"4":1,"5":1,"6":1,"7":1,"8":1,"9":1,"10":1,"11":1,"12":1,"13":1,"14":1,"15":1,"16":1,"17":1,"18":1,"19":1},"f":{},"b":{}}
,"/home/jonattfin/Projects/simplywallst-clone/src/pages/dashboard/components/menu.tsx": {"path":"/home/jonattfin/Projects/simplywallst-clone/src/pages/dashboard/components/menu.tsx","statementMap":{"0":{"start":{"line":4,"column":16},"end":{"line":4,"column":32}},"1":{"start":{"line":1,"column":64},"end":{"line":1,"column":null}},"2":{"start":{"line":2,"column":32},"end":{"line":2,"column":null}},"3":{"start":{"line":5,"column":42},"end":{"line":5,"column":50}},"4":{"start":{"line":7,"column":30},"end":{"line":12,"column":3}},"5":{"start":{"line":11,"column":4},"end":{"line":11,"column":27}},"6":{"start":{"line":14,"column":2},"end":{"line":29,"column":null}},"7":{"start":{"line":17,"column":8},"end":{"line":18,"column":null}},"8":{"start":{"line":20,"column":30},"end":{"line":20,"column":63}},"9":{"start":{"line":33,"column":25},"end":{"line":42,"column":1}},"10":{"start":{"line":33,"column":13},"end":{"line":33,"column":25}}},"fnMap":{"0":{"name":"MenuComponent","decl":{"start":{"line":4,"column":16},"end":{"line":4,"column":29}},"loc":{"start":{"line":4,"column":32},"end":{"line":31,"column":null}}},"1":{"name":"(anonymous_1)","decl":{"start":{"line":7,"column":30},"end":{"line":7,"column":null}},"loc":{"start":{"line":10,"column":7},"end":{"line":12,"column":3}}},"2":{"name":"(anonymous_2)","decl":{"start":{"line":16,"column":21},"end":{"line":16,"column":22}},"loc":{"start":{"line":17,"column":8},"end":{"line":18,"column":null}}},"3":{"name":"(anonymous_3)","decl":{"start":{"line":20,"column":19},"end":{"line":20,"column":20}},"loc":{"start":{"line":20,"column":30},"end":{"line":20,"column":63}}}},"branchMap":{"0":{"loc":{"start":{"line":24,"column":14},"end":{"line":24,"column":72}},"type":"cond-expr","locations":[{"start":{"line":24,"column":56},"end":{"line":24,"column":58}},{"start":{"line":24,"column":61},"end":{"line":24,"column":72}}]},"1":{"loc":{"start":{"line":24,"column":14},"end":{"line":24,"column":53}},"type":"binary-expr","locations":[{"start":{"line":24,"column":14},"end":{"line":24,"column":24}},{"start":{"line":24,"column":28},"end":{"line":24,"column":53}}]}},"s":{"0":1,"1":1,"2":1,"3":0,"4":0,"5":0,"6":0,"7":0,"8":0,"9":1,"10":1},"f":{"0":0,"1":0,"2":0,"3":0},"b":{"0":[0,0],"1":[0,0]}}
,"/home/jonattfin/Projects/simplywallst-clone/src/pages/dashboard/components/overview.tsx": {"path":"/home/jonattfin/Projects/simplywallst-clone/src/pages/dashboard/components/overview.tsx","statementMap":{"0":{"start":{"line":31,"column":16},"end":{"line":31,"column":34}},"1":{"start":{"line":39,"column":16},"end":{"line":39,"column":34}},"2":{"start":{"line":1,"column":36},"end":{"line":1,"column":null}},"3":{"start":{"line":2,"column":51},"end":{"line":2,"column":null}},"4":{"start":{"line":3,"column":32},"end":{"line":3,"column":null}},"5":{"start":{"line":4,"column":47},"end":{"line":4,"column":null}},"6":{"start":{"line":5,"column":53},"end":{"line":5,"column":null}},"7":{"start":{"line":6,"column":36},"end":{"line":6,"column":null}},"8":{"start":{"line":7,"column":29},"end":{"line":7,"column":null}},"9":{"start":{"line":9,"column":70},"end":{"line":9,"column":null}},"10":{"start":{"line":12,"column":34},"end":{"line":29,"column":1}},"11":{"start":{"line":12,"column":13},"end":{"line":12,"column":34}},"12":{"start":{"line":32,"column":2},"end":{"line":36,"column":5}},"13":{"start":{"line":46,"column":22},"end":{"line":46,"column":26}},"14":{"start":{"line":47,"column":39},"end":{"line":47,"column":46}},"15":{"start":{"line":48,"column":16},"end":{"line":48,"column":20}},"16":{"start":{"line":50,"column":2},"end":{"line":50,"column":39}},"17":{"start":{"line":50,"column":14},"end":{"line":50,"column":39}},"18":{"start":{"line":52,"column":2},"end":{"line":110,"column":null}},"19":{"start":{"line":67,"column":16},"end":{"line":67,"column":45}},"20":{"start":{"line":73,"column":16},"end":{"line":73,"column":43}},"21":{"start":{"line":116,"column":23},"end":{"line":119,"column":1}},"22":{"start":{"line":121,"column":21},"end":{"line":125,"column":1}}},"fnMap":{"0":{"name":"OverviewContainer","decl":{"start":{"line":31,"column":16},"end":{"line":31,"column":33}},"loc":{"start":{"line":31,"column":76},"end":{"line":37,"column":null}}},"1":{"name":"OverviewComponent","decl":{"start":{"line":39,"column":16},"end":{"line":39,"column":33}},"loc":{"start":{"line":45,"column":3},"end":{"line":112,"column":null}}},"2":{"name":"(anonymous_3)","decl":{"start":{"line":66,"column":27},"end":{"line":66,"column":28}},"loc":{"start":{"line":67,"column":16},"end":{"line":67,"column":45}}},"3":{"name":"(anonymous_4)","decl":{"start":{"line":72,"column":25},"end":{"line":72,"column":26}},"loc":{"start":{"line":73,"column":16},"end":{"line":73,"column":43}}}},"branchMap":{"0":{"loc":{"start":{"line":47,"column":10},"end":{"line":47,"column":22}},"type":"default-arg","locations":[{"start":{"line":47,"column":20},"end":{"line":47,"column":22}}]},"1":{"loc":{"start":{"line":47,"column":24},"end":{"line":47,"column":34}},"type":"default-arg","locations":[{"start":{"line":47,"column":32},"end":{"line":47,"column":34}}]},"2":{"loc":{"start":{"line":50,"column":2},"end":{"line":50,"column":39}},"type":"if","locations":[{"start":{"line":50,"column":2},"end":{"line":50,"column":39}}]}},"s":{"0":1,"1":1,"2":1,"3":1,"4":1,"5":1,"6":1,"7":1,"8":1,"9":1,"10":1,"11":1,"12":2,"13":2,"14":2,"15":2,"16":2,"17":0,"18":2,"19":6,"20":2,"21":1,"22":1},"f":{"0":2,"1":2,"2":6,"3":2},"b":{"0":[0],"1":[0],"2":[0]}}
,"/home/jonattfin/Projects/simplywallst-clone/src/pages/dashboard/components/ownership.tsx": {"path":"/home/jonattfin/Projects/simplywallst-clone/src/pages/dashboard/components/ownership.tsx","statementMap":{"0":{"start":{"line":29,"column":16},"end":{"line":29,"column":35}},"1":{"start":{"line":37,"column":16},"end":{"line":37,"column":35}},"2":{"start":{"line":1,"column":36},"end":{"line":1,"column":null}},"3":{"start":{"line":2,"column":36},"end":{"line":2,"column":null}},"4":{"start":{"line":11,"column":22},"end":{"line":11,"column":null}},"5":{"start":{"line":12,"column":29},"end":{"line":12,"column":null}},"6":{"start":{"line":13,"column":32},"end":{"line":13,"column":null}},"7":{"start":{"line":16,"column":69},"end":{"line":16,"column":null}},"8":{"start":{"line":18,"column":35},"end":{"line":27,"column":1}},"9":{"start":{"line":18,"column":13},"end":{"line":18,"column":35}},"10":{"start":{"line":30,"column":2},"end":{"line":34,"column":5}},"11":{"start":{"line":44,"column":22},"end":{"line":44,"column":26}},"12":{"start":{"line":45,"column":16},"end":{"line":45,"column":20}},"13":{"start":{"line":47,"column":2},"end":{"line":64,"column":null}},"14":{"start":{"line":77,"column":4},"end":{"line":77,"column":59}},"15":{"start":{"line":80,"column":15},"end":{"line":89,"column":3}},"16":{"start":{"line":91,"column":2},"end":{"line":120,"column":null}},"17":{"start":{"line":106,"column":12},"end":{"line":107,"column":null}},"18":{"start":{"line":133,"column":4},"end":{"line":133,"column":72}},"19":{"start":{"line":136,"column":15},"end":{"line":148,"column":3}},"20":{"start":{"line":150,"column":2},"end":{"line":187,"column":null}},"21":{"start":{"line":165,"column":12},"end":{"line":166,"column":null}},"22":{"start":{"line":193,"column":26},"end":{"line":196,"column":1}},"23":{"start":{"line":198,"column":26},"end":{"line":201,"column":1}},"24":{"start":{"line":203,"column":22},"end":{"line":205,"column":1}}},"fnMap":{"0":{"name":"OwnershipContainer","decl":{"start":{"line":29,"column":16},"end":{"line":29,"column":34}},"loc":{"start":{"line":29,"column":77},"end":{"line":35,"column":null}}},"1":{"name":"OwnershipComponent","decl":{"start":{"line":37,"column":16},"end":{"line":37,"column":34}},"loc":{"start":{"line":43,"column":3},"end":{"line":66,"column":null}}},"2":{"name":"renderTransactionsTable","decl":{"start":{"line":68,"column":9},"end":{"line":68,"column":32}},"loc":{"start":{"line":68,"column":35},"end":{"line":122,"column":null}}},"3":{"name":"createData","decl":{"start":{"line":69,"column":11},"end":{"line":69,"column":21}},"loc":{"start":{"line":76,"column":4},"end":{"line":78,"column":null}}},"4":{"name":"(anonymous_5)","decl":{"start":{"line":105,"column":20},"end":{"line":105,"column":21}},"loc":{"start":{"line":106,"column":12},"end":{"line":107,"column":null}}},"5":{"name":"renderShareholdersTable","decl":{"start":{"line":124,"column":9},"end":{"line":124,"column":32}},"loc":{"start":{"line":124,"column":35},"end":{"line":189,"column":null}}},"6":{"name":"createData","decl":{"start":{"line":125,"column":11},"end":{"line":125,"column":21}},"loc":{"start":{"line":132,"column":4},"end":{"line":134,"column":null}}},"7":{"name":"(anonymous_8)","decl":{"start":{"line":164,"column":20},"end":{"line":164,"column":21}},"loc":{"start":{"line":165,"column":12},"end":{"line":166,"column":null}}}},"branchMap":{"0":{"loc":{"start":{"line":62,"column":9},"end":{"line":62,"column":null}},"type":"binary-expr","locations":[{"start":{"line":62,"column":9},"end":{"line":62,"column":14}},{"start":{"line":62,"column":18},"end":{"line":62,"column":null}}]},"1":{"loc":{"start":{"line":176,"column":17},"end":{"line":179,"column":70}},"type":"cond-expr","locations":[{"start":{"line":177,"column":18},"end":{"line":177,"column":null}},{"start":{"line":179,"column":18},"end":{"line":179,"column":70}}]}},"s":{"0":1,"1":1,"2":1,"3":1,"4":1,"5":1,"6":1,"7":1,"8":1,"9":1,"10":2,"11":2,"12":2,"13":2,"14":2,"15":2,"16":2,"17":2,"18":8,"19":2,"20":2,"21":8,"22":1,"23":1,"24":1},"f":{"0":2,"1":2,"2":2,"3":2,"4":2,"5":2,"6":8,"7":8},"b":{"0":[2,2],"1":[2,6]}}
}
