TN:
SF:src/_shared_/bar.tsx
FN:29,BarComponent
FNF:1
FNH:1
FNDA:4,BarComponent
DA:1,1
DA:2,1
DA:3,1
DA:5,1
DA:17,1
DA:29,1
DA:30,4
LF:7
LH:7
BRF:0
BRH:0
end_of_record
TN:
SF:src/_shared_/data-loader.tsx
FN:18,WithLoadingSpinner
FN:40,ComponentDataLoader
FNF:2
FNH:2
FNDA:14,WithLoadingSpinner
FNDA:14,ComponentDataLoader
DA:6,1
DA:7,1
DA:8,1
DA:9,1
DA:18,1
DA:24,14
DA:26,14
DA:46,14
DA:47,7
DA:52,7
DA:54,7
DA:57,1
LF:12
LH:12
BRDA:46,0,0,7
BRDA:52,1,0,0
BRDA:52,2,0,7
BRDA:52,2,1,7
BRF:4
BRH:3
end_of_record
TN:
SF:src/_shared_/footer.tsx
FN:4,Footer
FNF:1
FNH:0
FNDA:0,Footer
DA:1,1
DA:2,1
DA:4,1
DA:5,0
LF:4
LH:3
BRF:0
BRH:0
end_of_record
TN:
SF:src/_shared_/header.tsx
FN:36,(anonymous_4)
FN:48,(anonymous_5)
FN:51,(anonymous_6)
FN:55,(anonymous_7)
FN:59,(anonymous_8)
FN:98,(anonymous_9)
FN:107,(anonymous_10)
FN:120,(anonymous_11)
FNF:8
FNH:0
FNDA:0,(anonymous_4)
FNDA:0,(anonymous_5)
FNDA:0,(anonymous_6)
FNDA:0,(anonymous_7)
FNDA:0,(anonymous_8)
FNDA:0,(anonymous_9)
FNDA:0,(anonymous_10)
FNDA:0,(anonymous_11)
DA:1,1
DA:2,1
DA:3,1
DA:4,1
DA:5,1
DA:6,1
DA:7,1
DA:8,1
DA:9,1
DA:10,1
DA:11,1
DA:12,1
DA:13,1
DA:14,1
DA:15,1
DA:16,1
DA:18,1
DA:36,1
DA:44,0
DA:46,0
DA:48,0
DA:49,0
DA:51,0
DA:52,0
DA:55,0
DA:56,0
DA:59,0
DA:60,0
DA:63,0
DA:99,0
DA:108,0
DA:121,0
DA:156,1
DA:158,1
DA:162,1
LF:35
LH:21
BRDA:121,0,0,0
BRDA:121,0,1,0
BRF:2
BRH:0
end_of_record
TN:
SF:src/_shared_/index.tsx
FNF:0
FNH:0
DA:1,4
DA:2,14
DA:3,10
DA:4,2
DA:5,4
DA:6,4
DA:7,14
DA:9,1
DA:10,1
LF:9
LH:9
BRF:0
BRH:0
end_of_record
TN:
SF:src/_shared_/line.tsx
FN:12,LineComponent
FNF:1
FNH:1
FNDA:8,LineComponent
DA:1,1
DA:2,1
DA:3,1
DA:6,1
DA:12,1
DA:13,8
DA:17,8
LF:7
LH:7
BRF:0
BRH:0
end_of_record
TN:
SF:src/_shared_/pie.tsx
FN:14,PieComponent
FN:6,(anonymous_1)
FNF:2
FNH:2
FNDA:4,PieComponent
FNDA:2,(anonymous_1)
DA:1,1
DA:2,1
DA:3,1
DA:5,1
DA:6,2
DA:14,1
DA:15,4
LF:7
LH:7
BRF:0
BRH:0
end_of_record
TN:
SF:src/_shared_/radar.tsx
FN:9,RadarComponent
FNF:1
FNH:1
FNDA:10,RadarComponent
DA:1,1
DA:2,1
DA:4,1
DA:9,1
DA:10,10
DA:15,10
LF:6
LH:6
BRF:0
BRH:0
end_of_record
TN:
SF:src/_shared_/radialBar.tsx
FN:4,RadialBarComponent
FNF:1
FNH:1
FNDA:2,RadialBarComponent
DA:1,1
DA:2,1
DA:4,1
DA:5,2
LF:4
LH:4
BRF:0
BRH:0
end_of_record
TN:
SF:src/_shared_/treemap.tsx
FN:5,TreemapComponent
FN:10,(anonymous_1)
FN:27,getCommonProperties
FNF:3
FNH:2
FNDA:4,TreemapComponent
FNDA:0,(anonymous_1)
FNDA:4,getCommonProperties
DA:1,1
DA:2,1
DA:3,1
DA:5,1
DA:6,4
DA:11,0
DA:28,4
LF:7
LH:6
BRF:0
BRH:0
end_of_record
TN:
SF:src/api/dashboardDataType.ts
FN:13,(anonymous_1)
FN:18,(anonymous_2)
FN:23,getCompany
FN:66,getCompetitors
FN:75,generateHistory
FN:84,(anonymous_6)
FN:92,getData
FN:94,(anonymous_8)
FN:95,(anonymous_9)
FN:104,(anonymous_10)
FN:105,(anonymous_11)
FN:106,(anonymous_12)
FN:121,generateSnowflakeValue
FN:129,(anonymous_14)
FN:131,(anonymous_15)
FN:141,generateRadialBarData
FNF:16
FNH:15
FNDA:1,(anonymous_1)
FNDA:14,(anonymous_2)
FNDA:5,getCompany
FNDA:1,getCompetitors
FNDA:5,generateHistory
FNDA:5,(anonymous_6)
FNDA:5,getData
FNDA:5,(anonymous_8)
FNDA:0,(anonymous_9)
FNDA:5,(anonymous_10)
FNDA:55,(anonymous_11)
FNDA:330,(anonymous_12)
FNDA:5,generateSnowflakeValue
FNDA:25,(anonymous_14)
FNDA:25,(anonymous_15)
FNDA:5,generateRadialBarData
DA:1,1
DA:10,1
DA:14,1
DA:15,1
DA:19,14
DA:24,5
DA:67,1
DA:76,5
DA:77,5
DA:80,5
DA:81,5
DA:84,5
DA:85,5
DA:93,5
DA:94,5
DA:95,0
DA:97,5
DA:98,5
DA:100,5
DA:102,5
DA:104,5
DA:105,5
DA:106,55
DA:107,330
DA:113,330
DA:118,5
DA:122,5
DA:123,0
DA:126,5
DA:127,5
DA:129,5
DA:130,25
DA:131,25
DA:132,25
DA:135,25
DA:138,5
DA:142,5
LF:37
LH:35
BRDA:23,0,0,4
BRDA:76,1,0,5
BRDA:80,2,0,5
BRDA:122,3,0,0
BRF:4
BRH:3
end_of_record
TN:
SF:src/api/dataTypeFactory.ts
FN:7,(anonymous_0)
FN:11,(anonymous_1)
FNF:2
FNH:2
FNDA:1,(anonymous_0)
FNDA:1,(anonymous_1)
DA:1,1
DA:4,1
DA:8,1
DA:12,1
DA:17,1
LF:5
LH:5
BRF:0
BRH:0
end_of_record
TN:
SF:src/pages/dashboard/components/company.tsx
FN:4,CompanyComponent
FNF:1
FNH:1
FNDA:1,CompanyComponent
DA:1,1
DA:2,1
DA:4,1
DA:5,1
LF:4
LH:4
BRF:0
BRH:0
end_of_record
TN:
SF:src/pages/dashboard/components/competitors.tsx
FN:25,CompetitorsContainer
FN:32,CompetitorsComponent
FN:45,(anonymous_3)
FNF:3
FNH:3
FNDA:2,CompetitorsContainer
FNDA:2,CompetitorsComponent
FNDA:8,(anonymous_3)
DA:1,1
DA:2,1
DA:3,1
DA:4,1
DA:5,1
DA:8,1
DA:10,1
DA:25,1
DA:26,2
DA:32,1
DA:33,2
DA:34,2
DA:36,2
DA:46,8
DA:65,1
DA:72,1
DA:77,1
LF:17
LH:17
BRDA:34,0,0,0
BRF:1
BRH:0
end_of_record
TN:
SF:src/pages/dashboard/components/dividend.tsx
FN:26,DividendContainer
FN:34,DividendComponent
FNF:2
FNH:2
FNDA:2,DividendContainer
FNDA:2,DividendComponent
DA:1,1
DA:2,1
DA:3,1
DA:4,1
DA:11,1
DA:13,1
DA:15,1
DA:26,1
DA:27,2
DA:34,1
DA:41,2
DA:42,2
DA:44,2
DA:124,1
DA:128,1
DA:133,1
DA:138,1
DA:143,1
LF:18
LH:18
BRDA:70,0,0,2
BRDA:70,0,1,2
BRF:2
BRH:2
end_of_record
TN:
SF:src/pages/dashboard/components/financial-health.tsx
FN:26,FinancialHealthContainer
FN:38,FinancialHealthComponent
FNF:2
FNH:2
FNDA:2,FinancialHealthContainer
FNDA:2,FinancialHealthComponent
DA:1,1
DA:2,1
DA:3,1
DA:4,1
DA:5,1
DA:11,1
DA:12,1
DA:15,1
DA:26,1
DA:31,2
DA:38,1
DA:45,2
DA:46,2
DA:48,2
DA:99,1
DA:103,1
LF:16
LH:16
BRDA:59,0,0,2
BRDA:59,0,1,2
BRF:2
BRH:2
end_of_record
TN:
SF:src/pages/dashboard/components/fundamentals.tsx
FN:23,FundamentalsContainer
FN:35,FundamentalsComponent
FNF:2
FNH:2
FNDA:2,FundamentalsContainer
FNDA:2,FundamentalsComponent
DA:1,1
DA:2,1
DA:3,1
DA:4,1
DA:12,1
DA:14,1
DA:23,1
DA:28,2
DA:35,1
DA:42,2
DA:44,2
DA:173,1
DA:177,1
DA:182,1
DA:187,1
DA:195,1
DA:203,1
LF:17
LH:17
BRF:0
BRH:0
end_of_record
TN:
SF:src/pages/dashboard/components/header.tsx
FN:29,HeaderContainer
FN:36,HeaderComponent
FNF:2
FNH:0
FNDA:0,HeaderContainer
FNDA:0,HeaderComponent
DA:1,1
DA:2,1
DA:3,1
DA:4,1
DA:5,1
DA:6,1
DA:8,1
DA:11,1
DA:29,1
DA:30,0
DA:36,1
DA:37,0
DA:38,0
DA:40,0
DA:41,0
DA:44,0
DA:131,1
DA:138,1
LF:18
LH:12
BRDA:40,0,0,0
BRF:1
BRH:0
end_of_record
TN:
SF:src/pages/dashboard/components/history.tsx
FN:36,HistoryContainer
FN:44,HistoryComponent
FN:53,(anonymous_3)
FN:66,(anonymous_4)
FN:74,(anonymous_5)
FN:106,(anonymous_6)
FN:128,TabPanel
FNF:7
FNH:6
FNDA:2,HistoryContainer
FNDA:2,HistoryComponent
FNDA:0,(anonymous_3)
FNDA:8,(anonymous_4)
FNDA:8,(anonymous_5)
FNDA:2,(anonymous_6)
FNDA:8,TabPanel
DA:1,1
DA:2,1
DA:3,1
DA:4,1
DA:5,1
DA:14,1
DA:15,1
DA:16,1
DA:18,1
DA:20,1
DA:22,1
DA:36,1
DA:37,2
DA:44,1
DA:51,2
DA:53,2
DA:54,0
DA:57,2
DA:58,2
DA:60,2
DA:67,8
DA:75,8
DA:107,2
DA:120,1
DA:129,8
DA:131,8
DA:136,1
DA:140,1
DA:144,1
LF:29
LH:28
BRDA:77,0,0,8
BRDA:77,0,1,8
BRDA:131,1,0,2
BRDA:131,1,1,6
BRF:4
BRH:4
end_of_record
TN:
SF:src/pages/dashboard/components/index.tsx
FNF:0
FNH:0
DA:1,1
DA:2,1
DA:3,1
DA:4,1
DA:5,1
DA:6,1
DA:7,1
DA:8,1
DA:9,1
DA:10,1
LF:10
LH:10
BRF:0
BRH:0
end_of_record
TN:
SF:src/pages/dashboard/components/menu.tsx
FN:4,MenuComponent
FN:7,(anonymous_1)
FN:16,(anonymous_2)
FN:20,(anonymous_3)
FNF:4
FNH:0
FNDA:0,MenuComponent
FNDA:0,(anonymous_1)
FNDA:0,(anonymous_2)
FNDA:0,(anonymous_3)
DA:1,1
DA:2,1
DA:4,1
DA:5,0
DA:7,0
DA:11,0
DA:14,0
DA:17,0
DA:20,0
DA:33,1
LF:10
LH:4
BRDA:24,0,0,0
BRDA:24,0,1,0
BRDA:24,1,0,0
BRDA:24,1,1,0
BRF:4
BRH:0
end_of_record
TN:
SF:src/pages/dashboard/components/overview.tsx
FN:31,OverviewContainer
FN:39,OverviewComponent
FN:66,(anonymous_3)
FN:72,(anonymous_4)
FNF:4
FNH:4
FNDA:2,OverviewContainer
FNDA:2,OverviewComponent
FNDA:6,(anonymous_3)
FNDA:2,(anonymous_4)
DA:1,1
DA:2,1
DA:3,1
DA:4,1
DA:5,1
DA:6,1
DA:7,1
DA:9,1
DA:12,1
DA:31,1
DA:32,2
DA:39,1
DA:46,2
DA:47,2
DA:48,2
DA:50,2
DA:52,2
DA:67,6
DA:73,2
DA:116,1
DA:121,1
LF:21
LH:21
BRDA:47,0,0,0
BRDA:47,1,0,0
BRDA:50,2,0,0
BRF:3
BRH:0
end_of_record
TN:
SF:src/pages/dashboard/components/ownership.tsx
FN:29,OwnershipContainer
FN:37,OwnershipComponent
FN:68,renderTransactionsTable
FN:69,createData
FN:105,(anonymous_5)
FN:124,renderShareholdersTable
FN:125,createData
FN:164,(anonymous_8)
FNF:8
FNH:8
FNDA:2,OwnershipContainer
FNDA:2,OwnershipComponent
FNDA:2,renderTransactionsTable
FNDA:2,createData
FNDA:2,(anonymous_5)
FNDA:2,renderShareholdersTable
FNDA:8,createData
FNDA:8,(anonymous_8)
DA:1,1
DA:2,1
DA:11,1
DA:12,1
DA:13,1
DA:16,1
DA:18,1
DA:29,1
DA:30,2
DA:37,1
DA:44,2
DA:45,2
DA:47,2
DA:77,2
DA:80,2
DA:91,2
DA:106,2
DA:133,8
DA:136,2
DA:150,2
DA:165,8
DA:193,1
DA:198,1
DA:203,1
LF:24
LH:24
BRDA:62,0,0,2
BRDA:62,0,1,2
BRDA:176,1,0,2
BRDA:176,1,1,6
BRF:4
BRH:4
end_of_record
